MPASM 5.77                        PRUEBA.ASM   11-25-2020  22:22:01         PAGE  1


LOC  OBJECT CODE     LINE SOURCE TEXT
  VALUE

                      00001 ;*******************************************************************************
                      00002 ;                                                                              *
                      00003 ;    Filename:              Code -> code.asm                                   *
                      00004 ;    Date:                  03/11/2020                                         *
                      00005 ;    File Version:          v.1                                                *
                      00006 ;    Author:                Ricardo Pellecer Orellana                          *
                      00007 ;    Company:               UVG                                                *
                      00008 ;    Description:           PROYECTO FINAL                                     *
                      00009 ;                                                                              *
                      00010 ;*******************************************************************************
                      00011 
                      00012 #include "p16f887.inc"
                      00001         LIST
                      00002 
                      00003 ;==========================================================================
                      00004 ; Build date : Nov 22 2017
                      00005 ;  MPASM PIC16F887 processor include
                      00006 ; 
                      00007 ;  (c) Copyright 1999-2017 Microchip Technology, All rights reserved
                      00008 ;==========================================================================
                      00009 
                      00810         LIST
                      00013 
                      00014 ; CONFIG1
                      00015 ; __config 0xE0D4
2007   20D4           00016  __CONFIG _CONFIG1, _FOSC_INTRC_NOCLKOUT & _WDTE_OFF & _PWRTE_OFF & _MCLRE_OFF & _CP_OFF & _CPD_OFF & _B
                            OREN_OFF & _IESO_OFF & _FCMEN_OFF & _LVP_OFF
                      00017 ; CONFIG2
                      00018 ; __config 0xFFFF
2008   3FFF           00019  __CONFIG _CONFIG2, _BOR4V_BOR40V & _WRT_OFF
                      00020  
                      00021 ; TODO PLACE VARIABLE DEFINITIONS GO HERE
                      00022 
                      00023  
                      00024 GPR_VAR                         UDATA
Warning[207]: Found label after column 1. (W_TEMP)
0000                  00025     W_TEMP                      RES         1   ; PARA GUARDAR INFO MIENTRAS SE EJECUTA LA INTERRUPCIÓN
Warning[207]: Found label after column 1. (STATUS_TEMP)
0001                  00026     STATUS_TEMP                 RES         1
Warning[207]: Found label after column 1. (VAR_ADCX)
0002                  00027     VAR_ADCX                    RES         1
Warning[207]: Found label after column 1. (VAR_ADCY)
0003                  00028     VAR_ADCY                    RES         1
Warning[207]: Found label after column 1. (FLAG_ANTIREBOTE)
0004                  00029     FLAG_ANTIREBOTE             RES         1
Warning[207]: Found label after column 1. (FLAG_ADC)
0005                  00030     FLAG_ADC                    RES         1
Warning[207]: Found label after column 1. (TX_FLAG)
0006                  00031     TX_FLAG                     RES         1
Warning[207]: Found label after column 1. (ALTO)
0007                  00032     ALTO                        RES         1
Warning[207]: Found label after column 1. (BAJO)
0008                  00033     BAJO                        RES         1
MPASM 5.77                        PRUEBA.ASM   11-25-2020  22:22:01         PAGE  2


LOC  OBJECT CODE     LINE SOURCE TEXT
  VALUE

Warning[207]: Found label after column 1. (TOGGLE)
0009                  00034     TOGGLE                      RES         1
Warning[207]: Found label after column 1. (RXB0)
000A                  00035     RXB0                        RES         1    
Warning[207]: Found label after column 1. (RXB1)
000B                  00036     RXB1                        RES         1    
Warning[207]: Found label after column 1. (RXB2)
000C                  00037     RXB2                        RES         1    
Warning[207]: Found label after column 1. (RXB3)
000D                  00038     RXB3                        RES         1    
Warning[207]: Found label after column 1. (RXB4)
000E                  00039     RXB4                        RES         1    
Warning[207]: Found label after column 1. (RXB5)
000F                  00040     RXB5                        RES         1    
Warning[207]: Found label after column 1. (RXB6)
0010                  00041     RXB6                        RES         1    
Warning[207]: Found label after column 1. (RXB7)
0011                  00042     RXB7                        RES         1    
Warning[207]: Found label after column 1. (RXB8)
0012                  00043     RXB8                        RES         1    
Warning[207]: Found label after column 1. (RXB9)
0013                  00044     RXB9                        RES         1    
Warning[207]: Found label after column 1. (SERVO_GARRA)
0014                  00045     SERVO_GARRA                 RES         1    
Warning[207]: Found label after column 1. (SERVO_EJE1)
0015                  00046     SERVO_EJE1                  RES         1    
Warning[207]: Found label after column 1. (SERVO_EJE2)
0016                  00047     SERVO_EJE2                  RES         1    
Warning[207]: Found label after column 1. (SERVO_FUN)
0017                  00048     SERVO_FUN                   RES         1    
Warning[207]: Found label after column 1. (USUARIO)
0018                  00049     USUARIO                     RES         1    
Warning[207]: Found label after column 1. (LAST_USER)
0019                  00050     LAST_USER                   RES         1    
Warning[207]: Found label after column 1. (USER_FLAG)
001A                  00051     USER_FLAG                   RES         1    
Warning[207]: Found label after column 1. (CUENTARX)
001B                  00052     CUENTARX                    RES         1    
Warning[207]: Found label after column 1. (DIVISION)
001C                  00053     DIVISION                    RES         1    
Warning[207]: Found label after column 1. (CONT1)
001D                  00054     CONT1                       RES         1    
Warning[207]: Found label after column 1. (MODO)
001E                  00055     MODO                        RES         1    
                      00056                         
                      00057 
                      00058 ;*******************************************************************************
                      00059 ; RESET VECTOR
                      00060 ;*******************************************************************************
                      00061 
                      00062 RES_VECT    CODE    0x0000              ; processor reset vector
0000   2???           00063     GOTO    START                       ; go to beginning of program
                      00064 
MPASM 5.77                        PRUEBA.ASM   11-25-2020  22:22:01         PAGE  3


LOC  OBJECT CODE     LINE SOURCE TEXT
  VALUE

                      00065 ;*******************************************************************************
                      00066 ; ISR VECTOR
                      00067 ;*******************************************************************************
                      00068 
                      00069 ISR_VECTOR  CODE    0x0004
                      00070 
0004                  00071 PUSH:                       ; PUSHEA LOS DATOS DE STATUS Y W A UNA VARIABLE TEMPORAL EN CASO SE VEAN AFE
                            CTADOS EN LA INTERRUPCIÓN 
0004   138B           00072     BCF     INTCON, GIE     ; DESACTIVA INTERRUPCIONES PARA EVITAR INTERRUPCIONES MIENTRAS SE ESTÁ EN EL
                             ISR
0005   00??           00073     MOVWF   W_TEMP
0006   0E03           00074     SWAPF   STATUS, W
0007   00??           00075     MOVWF   STATUS_TEMP
                      00076 
0008                  00077 ISR:
0008   1B0C           00078     BTFSC   PIR1, ADIF      ; CÓDIGO PARA SABER DE PARTE DE QUIÉN ES LA INTERRUPCIÓN
0009   2???           00079     CALL    BANDERA_ADC
000A   190B           00080     BTFSC   INTCON, T0IF
000B   2???           00081     CALL    BANDERA_TIMER0
000C   1A8C           00082     BTFSC   PIR1, RCIF
000D   2???           00083     CALL    BANDERA_RX
000E   180C           00084     BTFSC   PIR1, TMR1IF    ; CÓDIGO PARA SABER DE PARTE DE QUÉ TIMER SE REALIZÓ LA INTERRUPCIÓN
000F   2???           00085     CALL    BANDERA_TIMER1
                      00086         
0010                  00087 POP:                        ; POPEA LOS DATOS DE UNA VARIABLE TEMPORAL A STATUS Y W PARA RECUPERAR CUALQ
                            UIER DATO PERDIDO EN LA INTERRUPCIÓN
0010   0E??           00088     SWAPF   STATUS_TEMP, W
0011   0083           00089     MOVWF   STATUS
0012   0E??           00090     SWAPF   W_TEMP, F
0013   0E??           00091     SWAPF   W_TEMP, W
Warning[203]: Found opcode in column 1. (RETFIE)
0014   0009           00092 RETFIE                      ; INCLUYE LA REACTIVACION DEL GIE     
                      00093 
                      00094 ;*******************************************************************************
                      00095 ; TABLA DE CONVERSIONES
                      00096 ;*******************************************************************************
                      00097 ; SE USARA ESTA TABLA PARA REALIZAR LAS CONVERSIONES A ASCII 
                      00098 ; Y ENVIAR LOS DATOS EN EL FORMATO DESEADO   
0015                  00099 CONVERSIONES:       
0015   390F           00100     ANDLW   b'00001111' 
0016   0782           00101     ADDWF   PCL, F
0017   3430           00102     RETLW   .48         ;0 
0018   3431           00103     RETLW   .49         ;1 
0019   3432           00104     RETLW   .50         ;2 
001A   3433           00105     RETLW   .51         ;3 
001B   3434           00106     RETLW   .52         ;4 
001C   3435           00107     RETLW   .53         ;5 
001D   3436           00108     RETLW   .54         ;6 
001E   3437           00109     RETLW   .55         ;7 
001F   3438           00110     RETLW   .56         ;8
0020   3439           00111     RETLW   .57         ;9 
0021   3441           00112     RETLW   .65         ;A   
0022   3442           00113     RETLW   .66         ;B   
MPASM 5.77                        PRUEBA.ASM   11-25-2020  22:22:01         PAGE  4


LOC  OBJECT CODE     LINE SOURCE TEXT
  VALUE

0023   3443           00114     RETLW   .67         ;C  
0024   3444           00115     RETLW   .68         ;D   
0025   3445           00116     RETLW   .69         ;E  
0026   3446           00117     RETLW   .70         ;F     
                      00118     
                      00119 ;*******************************************************************************
                      00120 ; MAIN PROGRAM
                      00121 ;*******************************************************************************
                      00122 MAIN_PROG   CODE     0x0100                 ; let linker place main program
                      00123 
0100                  00124 START
0100                  00125 SETUP:
0100   2???           00126     CALL    CONFIGURACION_BASE              ; EXPLICACIONES EN LA SECCIÓN DE CONFIGURACIONES
0101   2???           00127     CALL    CONFIGURACION_PWM
0102   2???           00128     CALL    CONFIGURACION_TIMER0
0103   2???           00129     CALL    CONFIGURACION_TIMER1
0104   2???           00130     CALL    CONFIGURACION_TIMER2
0105   2???           00131     CALL    CONFIGURACION_INTERRUPCION
0106   2???           00132     CALL    CONFIGURACION_TX_9600
0107   2???           00133     CALL    CONFIGURACION_RX
0108   2???           00134     CALL    CONFIGURACION_ADC
                      00135     
                      00136 ;*******************************************************************************
                      00137 ; MAIN LOOP
                      00138 ;*******************************************************************************    
0109                  00139 LOOP:
0109   2???           00140     CALL    EEPROM_ESCRITURA
010A   3009           00141     MOVLW   .9
010B   02??           00142     SUBWF   SERVO_FUN, W
010C   1903           00143     BTFSC   STATUS, Z
010D   2???           00144     GOTO    AUTOMATIC
Warning[207]: Found label after column 1. (MANUAL)
010E                  00145     MANUAL:
010E   1F86           00146         BTFSS   PORTB, RB7              ; REVISA SI EL BOTÓN DE CAMBIO DE ESTADO SE HA PRESIONADO
010F   2???           00147         CALL    ANTIR                   ; INDICA QUE YA SE PRESIONÓ 
0110   1B86           00148         BTFSC   PORTB, RB7              ; NO EJECUTA LA INSTRUCCIÓN SI SIGUE PRESIONADO EL BOTÓN
0111   2???           00149         CALL    MODO_FUNCIONAMIENTO     ; SE EJECUTA EL CAMBIO DE ESTADO
0112   2???           00150         CALL    MAPPEO
0113   2???           00151         GOTO    LOOP
Warning[207]: Found label after column 1. (AUTOMATIC)
0114                  00152     AUTOMATIC:
0114   3009           00153         MOVLW   .9
0115   02??           00154         SUBWF   SERVO_GARRA, W
0116   1903           00155         BTFSC   STATUS, Z
0117   2???           00156         GOTO    AUTOMATIC_HIGH
Warning[207]: Found label after column 1. (AUTOMATIC_LOW)
0118                  00157         AUTOMATIC_LOW:
0118   30FD           00158             MOVLW       .253
0119   00??           00159             MOVWF       BAJO
011A   30F5           00160             MOVLW       .245
011B   00??           00161             MOVWF       ALTO
011C   2???           00162             CALL        CONVERSION_COMPU
011D   2???           00163             GOTO        LOOP
MPASM 5.77                        PRUEBA.ASM   11-25-2020  22:22:01         PAGE  5


LOC  OBJECT CODE     LINE SOURCE TEXT
  VALUE

Warning[207]: Found label after column 1. (AUTOMATIC_HIGH)
011E                  00164         AUTOMATIC_HIGH:
011E   30F5           00165             MOVLW       .245
011F   00??           00166             MOVWF       BAJO
0120   30FD           00167             MOVLW       .253
0121   00??           00168             MOVWF       ALTO
0122   2???           00169             CALL        CONVERSION_COMPU
0123   2???           00170             GOTO        LOOP        
                      00171 
                      00172 ;*******************************************************************************
                      00173 ; SUBRUTINAS DE INTERRUPCION
                      00174 ;*******************************************************************************            
0124                  00175 BANDERA_TIMER1:
0124   30FD           00176     MOVLW   0xFD            ; DELAY PARA 5ms
0125   008F           00177     MOVWF   TMR1H
0126   308F           00178     MOVLW   0x8F 
0127   008E           00179     MOVWF   TMR1L
0128   100C           00180     BCF     PIR1, TMR1IF    ; REINICIA LA INTERRUPCIÓN
0129   2???           00181     CALL    RUTINA_TX
Warning[203]: Found opcode in column 1. (RETURN)
012A   0008           00182 RETURN
                      00183 
012B                  00184 RUTINA_TX:
012B   3003           00185     MOVLW   .3
012C   02??           00186     SUBWF   TX_FLAG, W
012D   1903           00187     BTFSC   STATUS, Z
012E   2???           00188     GOTO    ENTER
012F   3002           00189     MOVLW   .2
0130   02??           00190     SUBWF   TX_FLAG, W
0131   1903           00191     BTFSC   STATUS, Z
0132   2???           00192     GOTO    DIGITO2
0133   3001           00193     MOVLW   .1
0134   02??           00194     SUBWF   TX_FLAG, W
0135   1903           00195     BTFSC   STATUS, Z
0136   2???           00196     GOTO    COMA
Warning[207]: Found label after column 1. (DIGITO1)
0137                  00197     DIGITO1:
                      00198 ;       MOVFW   LAST_USER
                      00199 ;       CALL    CONVERSIONES
0137   303C           00200         MOVLW   .60
0138   0099           00201         MOVWF   TXREG
Message[305]: Using default destination of 1 (file).
0139   0A??           00202         INCF    TX_FLAG
013A   0008           00203     RETURN
Warning[207]: Found label after column 1. (COMA)
013B                  00204     COMA:
013B   302C           00205         MOVLW   .44
013C   0099           00206         MOVWF   TXREG
Message[305]: Using default destination of 1 (file).
013D   0A??           00207         INCF    TX_FLAG
013E   0008           00208     RETURN
Warning[207]: Found label after column 1. (DIGITO2)
013F                  00209     DIGITO2:
MPASM 5.77                        PRUEBA.ASM   11-25-2020  22:22:01         PAGE  6


LOC  OBJECT CODE     LINE SOURCE TEXT
  VALUE

                      00210 ;       SWAPF   LAST_USER, 0
                      00211 ;       CALL    CONVERSIONES
013F   3050           00212         MOVLW   .80
0140   0099           00213         MOVWF   TXREG
Message[305]: Using default destination of 1 (file).
0141   0A??           00214         INCF    TX_FLAG
0142   0008           00215     RETURN
Warning[207]: Found label after column 1. (ENTER)
0143                  00216     ENTER:
0143   300A           00217         MOVLW   .10
0144   0099           00218         MOVWF   TXREG
0145   01??           00219         CLRF    TX_FLAG
0146   0008           00220     RETURN
                      00221     
0147                  00222 BANDERA_ADC:
0147   1800           00223     BTFSC   FLAG_ADC, 0
0148   2???           00224     GOTO    ADCY
Warning[207]: Found label after column 1. (ADCX)
0149                  00225     ADCX:
0149   081E           00226         MOVFW   ADRESH      ; MANDA LA CODIFICACION DIGITAL DE MI SEÑAL ANALOGICA AL PUERTO B
014A   00??           00227         MOVWF   VAR_ADCX
014B   2???           00228         CALL    CONFIGURACION_ADCY
014C   130C           00229         BCF     PIR1, ADIF
014D   149F           00230         BSF     ADCON0, 1
014E   1400           00231         BSF     FLAG_ADC, 0
014F   0008           00232     RETURN   
Warning[207]: Found label after column 1. (ADCY)
0150                  00233     ADCY:                   ; FUNGIONA CON EL SERVO DERECHO
0150   081E           00234         MOVFW   ADRESH      ; MANDA LA CODIFICACION DIGITAL DE MI SEÑAL ANALOGICA AL PUERTO B
0151   00??           00235         MOVWF   VAR_ADCY
0152   2???           00236         CALL    CONFIGURACION_ADCX
0153   130C           00237         BCF     PIR1, ADIF
0154   149F           00238         BSF     ADCON0, 1
0155   1000           00239         BCF     FLAG_ADC, 0
0156   0008           00240     RETURN    
                      00241     
0157                  00242 BANDERA_TIMER0:
0157   1800           00243     BTFSC   TOGGLE, 0
0158   2???           00244     GOTO    LOW_OPEN
Warning[207]: Found label after column 1. (HIGH_OPEN)
0159                  00245     HIGH_OPEN:
0159   08??           00246         MOVFW   BAJO
015A   0081           00247         MOVWF   TMR0
015B   1407           00248         BSF     PORTC, 0
015C   1400           00249         BSF     TOGGLE, 0
015D   110B           00250         BCF     INTCON, T0IF
015E   0008           00251     RETURN
Warning[207]: Found label after column 1. (LOW_OPEN)
015F                  00252     LOW_OPEN:
015F   08??           00253         MOVFW   ALTO
0160   0081           00254         MOVWF   TMR0
0161   1007           00255         BCF     PORTC, 0
0162   1000           00256         BCF     TOGGLE, 0
MPASM 5.77                        PRUEBA.ASM   11-25-2020  22:22:01         PAGE  7


LOC  OBJECT CODE     LINE SOURCE TEXT
  VALUE

0163   110B           00257         BCF     INTCON, T0IF
0164   0008           00258     RETURN
                      00259 
0165                  00260 BANDERA_RX:    
0165   0A??           00261     INCF    CUENTARX,1  
0166   08??           00262     MOVFW   RXB8                    
0167   00??           00263     MOVWF   RXB9
                      00264     
0168   08??           00265     MOVFW   RXB7                    
0169   00??           00266     MOVWF   RXB8
                      00267     
016A   08??           00268     MOVFW   RXB6                    
016B   00??           00269     MOVWF   RXB7
                      00270     
016C   08??           00271     MOVFW   RXB5                    
016D   00??           00272     MOVWF   RXB6
                      00273     
016E   08??           00274     MOVFW   RXB4                    
016F   00??           00275     MOVWF   RXB5
                      00276     
0170   08??           00277     MOVFW   RXB3                    
0171   00??           00278     MOVWF   RXB4
                      00279     
0172   08??           00280     MOVFW   RXB2                    
0173   00??           00281     MOVWF   RXB3        
                      00282     
0174   08??           00283     MOVFW   RXB1                    
0175   00??           00284     MOVWF   RXB2
                      00285     
0176   08??           00286     MOVFW   RXB0                    
0177   00??           00287     MOVWF   RXB1
                      00288         
0178   081A           00289     MOVFW   RCREG                   
0179   00??           00290     MOVWF   RXB0                       
                      00291     
017A   3A0A           00292     XORLW   .10                     
017B   1903           00293     BTFSC   STATUS,Z                
017C   2???           00294     GOTO    VERIFICACION
017D   0008           00295     RETURN
                      00296     
Warning[207]: Found label after column 1. (VERIFICACION)
017E                  00297     VERIFICACION:  
017E   300A           00298         MOVLW   .10                         
017F   02??           00299         SUBWF   CUENTARX,W
0180   1D03           00300         BTFSS   STATUS,Z
0181   2???           00301         GOTO    ERRONEO
                      00302 
0182   302C           00303         MOVLW   .44             
0183   02??           00304         SUBWF   RXB2,W
0184   1D03           00305         BTFSS   STATUS,Z
0185   2???           00306         GOTO    ERRONEO
                      00307 
0186   302C           00308         MOVLW   .44             
MPASM 5.77                        PRUEBA.ASM   11-25-2020  22:22:01         PAGE  8


LOC  OBJECT CODE     LINE SOURCE TEXT
  VALUE

0187   02??           00309         SUBWF   RXB4,W
0188   1D03           00310         BTFSS   STATUS,Z
0189   2???           00311         GOTO    ERRONEO
                      00312         
018A   302C           00313         MOVLW   .44             
018B   02??           00314         SUBWF   RXB6,W
018C   1D03           00315         BTFSS   STATUS,Z
018D   2???           00316         GOTO    ERRONEO
                      00317 
018E   302C           00318         MOVLW   .44             
018F   02??           00319         SUBWF   RXB8,W
0190   1D03           00320         BTFSS   STATUS,Z
0191   2???           00321         GOTO    ERRONEO
                      00322         
0192   3030           00323         MOVLW   .48                 
0193   02??           00324         SUBWF   RXB1,W
0194   00??           00325         MOVWF   USUARIO
                      00326         
0195   3030           00327         MOVLW   .48                 
0196   02??           00328         SUBWF   RXB3,W
0197   00??           00329         MOVWF   SERVO_EJE1
                      00330 
0198   3030           00331         MOVLW   .48                
0199   02??           00332         SUBWF   RXB5,W
019A   00??           00333         MOVWF   SERVO_EJE2
                      00334 
019B   3030           00335         MOVLW   .48                
019C   02??           00336         SUBWF   RXB7,W
019D   00??           00337         MOVWF   SERVO_GARRA
                      00338 
019E   3030           00339         MOVLW   .48             
019F   02??           00340         SUBWF   RXB9,W
01A0   00??           00341         MOVWF   SERVO_FUN
01A1   01??           00342         CLRF    CUENTARX
01A2   0008           00343         RETURN
                      00344 
Warning[207]: Found label after column 1. (ERRONEO)
01A3                  00345     ERRONEO:
01A3   01??           00346         CLRF    CUENTARX                
01A4   0008           00347         RETURN      
                      00348             
                      00349 ;*******************************************************************************
                      00350 ; RUTINA EEPROM
                      00351 ;*******************************************************************************            
01A5                  00352 EEPROM_ESCRITURA:
01A5   08??           00353     MOVFW   USUARIO
01A6   02??           00354     SUBWF   USER_FLAG, W
01A7   1D03           00355     BTFSS   STATUS, Z
01A8   2???           00356     GOTO    ACCION
01A9   1306           00357     BCF     PORTB, 6
Warning[203]: Found opcode in column 1. (RETURN)
01AA   0008           00358 RETURN
Warning[207]: Found label after column 1. (ACCION)
MPASM 5.77                        PRUEBA.ASM   11-25-2020  22:22:01         PAGE  9


LOC  OBJECT CODE     LINE SOURCE TEXT
  VALUE

01AB                  00359     ACCION:
01AB   1706           00360     BSF     PORTB, 6
01AC   08??           00361     MOVFW   USUARIO
01AD   00??           00362     MOVWF   USER_FLAG
01AE   1283 1703      00363     BANKSEL EEADR
01B0   3000           00364     MOVLW   .0
Message[302]: Register in operand not in bank 0.  Ensure that bank bits are correct.
01B1   008D           00365     MOVWF   EEADR
01B2   1283 1303      00366     BANKSEL PORTA
01B4   08??           00367     MOVFW   USUARIO
01B5   1283 1703      00368     BANKSEL EEDAT
Message[302]: Register in operand not in bank 0.  Ensure that bank bits are correct.
01B7   008C           00369     MOVWF   EEDAT
01B8   1683 1703      00370     BANKSEL EECON1
Message[302]: Register in operand not in bank 0.  Ensure that bank bits are correct.
01BA   138C           00371     BCF     EECON1, EEPGD
Message[302]: Register in operand not in bank 0.  Ensure that bank bits are correct.
01BB   150C           00372     BSF     EECON1, WREN
                      00373     
01BC   138B           00374     BCF     INTCON, GIE
01BD   3055           00375     MOVLW   0x55
Message[302]: Register in operand not in bank 0.  Ensure that bank bits are correct.
01BE   008D           00376     MOVWF   EECON2
01BF   30AA           00377     MOVLW   0xAA
Message[302]: Register in operand not in bank 0.  Ensure that bank bits are correct.
01C0   008D           00378     MOVWF   EECON2
Message[302]: Register in operand not in bank 0.  Ensure that bank bits are correct.
01C1   148C           00379     BSF     EECON1, WR
01C2   178B           00380     BSF     INTCON, GIE
                      00381     
Message[302]: Register in operand not in bank 0.  Ensure that bank bits are correct.
01C3   110C           00382     BCF     EECON1, WREN
01C4   1283 1303      00383     BANKSEL PORTA
01C6   2???           00384     CALL    EEPROM_LECTURA
Warning[203]: Found opcode in column 1. (RETURN)
01C7   0008           00385 RETURN      
                      00386 
                      00387 ;*******************************************************************************
                      00388 ; RUTINA DE LECTURA DE LA EEPROM
                      00389 ;*******************************************************************************        
01C8                  00390 EEPROM_LECTURA:
01C8   138B           00391     BCF     INTCON, GIE
01C9   3000           00392     MOVLW   .0
01CA   1283 1703      00393     BANKSEL EEADR
Message[302]: Register in operand not in bank 0.  Ensure that bank bits are correct.
01CC   008D           00394     MOVWF   EEADR
01CD   1683 1703      00395     BANKSEL EECON1
Message[302]: Register in operand not in bank 0.  Ensure that bank bits are correct.
01CF   138C           00396     BCF     EECON1, EEPGD
Message[302]: Register in operand not in bank 0.  Ensure that bank bits are correct.
01D0   140C           00397     BSF     EECON1, RD
01D1   1283 1703      00398     BANKSEL EEDATA
Message[302]: Register in operand not in bank 0.  Ensure that bank bits are correct.
MPASM 5.77                        PRUEBA.ASM   11-25-2020  22:22:01         PAGE 10


LOC  OBJECT CODE     LINE SOURCE TEXT
  VALUE

01D3   080C           00399     MOVFW   EEDATA
01D4   1283 1303      00400     BANKSEL PORTA
01D6   00??           00401     MOVWF   LAST_USER
01D7   178B           00402     BSF     INTCON, GIE
Warning[203]: Found opcode in column 1. (RETURN)
01D8   0008           00403 RETURN        
                      00404             
                      00405 ;*******************************************************************************
                      00406 ; RUTINA DE SELECCIÓN DE MODOS DE FUNCIONAMIENTO
                      00407 ;*******************************************************************************    
01D9                  00408 MODO_FUNCIONAMIENTO:
01D9   08??           00409     MOVFW   FLAG_ANTIREBOTE
01DA   3C01           00410     SUBLW   .1                  ; REVISA QUE SÍ HAYA PASADO POR EL ANTIREBOTE
01DB   1D03           00411     BTFSS   STATUS, Z           ; SI NO PASÓ POR EL ANTIREBOTE, SIGNIFICA QUE NO SE PRESIONÓ EL BOTÓN Y 
                            NO EJECUTA LA INSTRUCCIÓN
Warning[203]: Found opcode in column 1. (RETURN)
01DC   0008           00412 RETURN
01DD   01??           00413     CLRF    FLAG_ANTIREBOTE     ; LIMPIA LA BANDERA PARA QUE SE PUEDA VOLVER A PRESIONAR EL BOTÓN SIN RE
                            BOTES
01DE   08??           00414     MOVFW   MODO                
01DF   3C01           00415     SUBLW   .1                  
01E0   1903           00416     BTFSC   STATUS, Z
01E1   2???           00417     GOTO    REINICIOA           ; SIRVE PARA QUE NO SE PASE DEL MODO 8
Warning[207]: Found label after column 1. (CONTEO)
01E2                  00418     CONTEO:
01E2   30FD           00419         MOVLW   .253
01E3   00??           00420         MOVWF   BAJO
01E4   30F5           00421         MOVLW   .245
01E5   00??           00422         MOVWF   ALTO
Message[305]: Using default destination of 1 (file).
01E6   0A??           00423         INCF    MODO
01E7   0008           00424     RETURN
Warning[207]: Found label after column 1. (REINICIOA)
01E8                  00425     REINICIOA:
01E8   30F5           00426         MOVLW   .245
01E9   00??           00427         MOVWF   BAJO
01EA   30FD           00428         MOVLW   .253
01EB   00??           00429         MOVWF   ALTO
01EC   01??           00430         CLRF    MODO
01ED   0008           00431     RETURN   
                      00432 
                      00433 ;*******************************************************************************
                      00434 ; RUTINA DE ANTIREBOTE
                      00435 ;*******************************************************************************        
01EE                  00436 ANTIR:
01EE   1400           00437     BSF   FLAG_ANTIREBOTE, 0    ; YA QUE SE USAN PULL UPS, ESTE MASKING ME PERMITE VER QUÉ VALOR SE COLO
                            CÓ EN CERO, ES DECIR, SE PRESIONÓ
Warning[203]: Found opcode in column 1. (RETURN)
01EF   0008           00438 RETURN      
                      00439             
                      00440 ;*******************************************************************************
                      00441 ; RUTINA DE CONVERSION COMPU
                      00442 ;*******************************************************************************         
MPASM 5.77                        PRUEBA.ASM   11-25-2020  22:22:01         PAGE 11


LOC  OBJECT CODE     LINE SOURCE TEXT
  VALUE

01F0                  00443 CONVERSION_COMPU:   
01F0   0E??           00444     SWAPF   SERVO_EJE1, 0
01F1   3E20           00445     ADDLW   .32
01F2   0095           00446     MOVWF   CCPR1L    
01F3   0E??           00447     SWAPF   SERVO_EJE2, 0
01F4   3E20           00448     ADDLW   .32
01F5   009B           00449     MOVWF   CCPR2L    
Warning[203]: Found opcode in column 1. (RETURN)
01F6   0008           00450 RETURN           
                      00451  
                      00452 ;*******************************************************************************
                      00453 ; RUTINA DE CONVERSION ADC
                      00454 ;*******************************************************************************         
01F7                  00455 MAPPEO:
01F7   0C??           00456     RRF     VAR_ADCX, 0
01F8   397F           00457     ANDLW   b'01111111'
01F9   3E20           00458     ADDLW   .32
01FA   0095           00459     MOVWF   CCPR1L
01FB   0C??           00460     RRF     VAR_ADCY, 0
01FC   397F           00461     ANDLW   b'01111111'
01FD   3E20           00462     ADDLW   .32
01FE   009B           00463     MOVWF   CCPR2L    
Warning[203]: Found opcode in column 1. (RETURN)
01FF   0008           00464 RETURN
                      00465          
                      00466 ;*******************************************************************************
                      00467 ; CONFIGURACIONES
                      00468 ;*******************************************************************************         
0200                  00469 CONFIGURACION_BASE:
0200   1283 1303      00470     BANKSEL PORTA
0202   0185           00471     CLRF    PORTA               ; LIMPIA LOS PUERTOS PARA EVITAR QUE TENGAN CUALQUIER VALOR INICIAL DIST
                            INTO DE 0
0203   0186           00472     CLRF    PORTB
0204   0187           00473     CLRF    PORTC
0205   0188           00474     CLRF    PORTD
0206   0189           00475     CLRF    PORTE
                      00476 
0207   1683 1703      00477     BANKSEL ANSEL
Message[302]: Register in operand not in bank 0.  Ensure that bank bits are correct.
0209   0188           00478     CLRF    ANSEL
Message[302]: Register in operand not in bank 0.  Ensure that bank bits are correct.
020A   1408           00479     BSF     ANSEL, 0            ; POT EN X
Message[302]: Register in operand not in bank 0.  Ensure that bank bits are correct.
020B   1688           00480     BSF     ANSEL, 5            ; POT EN Y
Message[302]: Register in operand not in bank 0.  Ensure that bank bits are correct.
020C   0189           00481     CLRF    ANSELH              ; BORRA EL CONTROL DE ENTRADAS ANALÓGICAS       
                      00482 
020D   1683 1303      00483     BANKSEL TRISA
020F   3021           00484     MOVLW   b'00100001'         ; POT Y TRANSISTORES
Message[302]: Register in operand not in bank 0.  Ensure that bank bits are correct.
0210   0085           00485     MOVWF   TRISA
                      00486                 
0211   3080           00487     MOVLW   b'10000000'         ; PUSHES EN EL PUERTO B PARA INCLUIR LOS PULL UPS POR SOFTWARE - TIENE 4
MPASM 5.77                        PRUEBA.ASM   11-25-2020  22:22:01         PAGE 12


LOC  OBJECT CODE     LINE SOURCE TEXT
  VALUE

                             SALIDAS PUES SE CONECTARON AHÍ LOS TRANSISTORES (NPN 3904)
Message[302]: Register in operand not in bank 0.  Ensure that bank bits are correct.
0212   0086           00488     MOVWF   TRISB
Message[302]: Register in operand not in bank 0.  Ensure that bank bits are correct.
0213   0095           00489     MOVWF   WPUB                ; PARA PULL UPS
Message[302]: Register in operand not in bank 0.  Ensure that bank bits are correct.
0214   1381           00490     BCF     OPTION_REG, 7
                      00491     
Message[302]: Register in operand not in bank 0.  Ensure that bank bits are correct.
0215   0187           00492     CLRF    TRISC               ; SIN USAR
Message[302]: Register in operand not in bank 0.  Ensure that bank bits are correct.
0216   0188           00493     CLRF    TRISD               ; PARA DISPLAY    
Message[302]: Register in operand not in bank 0.  Ensure that bank bits are correct.
0217   0189           00494     CLRF    TRISE
                      00495     
0218   1283 1303      00496     BANKSEL PORTA
021A   01??           00497     CLRF    FLAG_ANTIREBOTE
021B   01??           00498     CLRF    FLAG_ADC
021C   01??           00499     CLRF    TX_FLAG
021D   01??           00500     CLRF    VAR_ADCX  
021E   01??           00501     CLRF    VAR_ADCY  
021F   01??           00502     CLRF    MODO
0220   01??           00503     CLRF    ALTO
0221   01??           00504     CLRF    BAJO
0222   01??           00505     CLRF    TOGGLE
0223   01??           00506     CLRF    SERVO_GARRA
0224   01??           00507     CLRF    SERVO_EJE1
0225   01??           00508     CLRF    SERVO_EJE2
0226   01??           00509     CLRF    SERVO_FUN
0227   01??           00510     CLRF    CUENTARX
0228   01??           00511     CLRF    RXB0
0229   01??           00512     CLRF    RXB1
022A   01??           00513     CLRF    RXB2
022B   01??           00514     CLRF    RXB3
022C   01??           00515     CLRF    RXB4
022D   01??           00516     CLRF    RXB5
022E   01??           00517     CLRF    RXB6
022F   01??           00518     CLRF    RXB7
0230   01??           00519     CLRF    RXB8
0231   01??           00520     CLRF    RXB9
0232   01??           00521     CLRF    USUARIO
0233   01??           00522     CLRF    LAST_USER
0234   01??           00523     CLRF    USER_FLAG
0235   01??           00524     CLRF    DIVISION
Warning[203]: Found opcode in column 1. (RETURN)
0236   0008           00525 RETURN
                      00526     
0237                  00527 CONFIGURACION_PWM:
Warning[207]: Found label after column 1. (SERVO1)
0237                  00528     SERVO1:
0237   1283 1303      00529     BANKSEL CCP1CON
0239   1397           00530     BCF     CCP1CON, 7
023A   1317           00531     BCF     CCP1CON, 6          ; 6 Y 7 PARA SINGLE OUTPUT
MPASM 5.77                        PRUEBA.ASM   11-25-2020  22:22:01         PAGE 13


LOC  OBJECT CODE     LINE SOURCE TEXT
  VALUE

023B   1297           00532     BCF     CCP1CON, 5          
023C   1217           00533     BCF     CCP1CON, 4          ; BITS MENOS SIGNIFICATIVOS PARA EL ANCHO DE PULSO
023D   1597           00534     BSF     CCP1CON, 3
023E   1517           00535     BSF     CCP1CON, 2
023F   1097           00536     BCF     CCP1CON, 1
0240   1017           00537     BCF     CCP1CON, 0
Warning[207]: Found label after column 1. (SERVO2)
0241                  00538     SERVO2:
0241   1283 1303      00539     BANKSEL CCP2CON
0243   129D           00540     BCF     CCP2CON, 5          
0244   121D           00541     BCF     CCP2CON, 4          ; BITS MENOS SIGNIFICATIVOS PARA EL ANCHO DE PULSO
0245   159D           00542     BSF     CCP2CON, 3
0246   151D           00543     BSF     CCP2CON, 2
0247   149D           00544     BSF     CCP2CON, 1
0248   141D           00545     BSF     CCP2CON, 0
Warning[203]: Found opcode in column 1. (RETURN)
0249   0008           00546 RETURN    
                      00547     
024A                  00548 CONFIGURACION_TIMER0:
024A   1683 1303      00549     BANKSEL TRISA
024C   0064           00550     CLRWDT                      ; CONFIGURACIÓN PARA EL FUNCIONAMIENTO DEL TIMER0
024D   3057           00551     MOVLW   b'01010111'         ; PRESCALER DE 1:256 PARA PODER GENERAR INTERRUPCIONES DE 0.5ms
Message[302]: Register in operand not in bank 0.  Ensure that bank bits are correct.
024E   0081           00552     MOVWF   OPTION_REG 
024F   1283 1303      00553     BANKSEL PORTA
Warning[203]: Found opcode in column 1. (RETURN)
0251   0008           00554 RETURN 
                      00555 
0252                  00556 CONFIGURACION_TIMER1:
0252   1283 1303      00557     BANKSEL PORTA
0254   0190           00558     CLRF    T1CON
0255   1410           00559     BSF     T1CON, 0            ; ACTIVA EL TIMER 1
0256   1090           00560     BCF     T1CON, 1            ; PARA QUE USE EL RELOJ INTERNO
0257   1190           00561     BCF     T1CON, 3
0258   1610           00562     BSF     T1CON, 4            ; PARA PRESCALER DE 8
0259   1690           00563     BSF     T1CON, 5
Warning[203]: Found opcode in column 1. (RETURN)
025A   0008           00564 RETURN    
                      00565     
025B                  00566 CONFIGURACION_TIMER2:
025B   1283 1303      00567     BANKSEL PORTA
025D   30FF           00568     MOVLW   b'11111111'         ; PRESCALER Y POSTSCALER DE 16 CADA UNO Y TIMER 2 ACTIVADO
025E   0092           00569     MOVWF   T2CON    
Warning[203]: Found opcode in column 1. (RETURN)
025F   0008           00570 RETURN
                      00571     
0260                  00572 CONFIGURACION_INTERRUPCION:
0260   1683 1303      00573     BANKSEL TRISA
Message[302]: Register in operand not in bank 0.  Ensure that bank bits are correct.
0262   140C           00574     BSF     PIE1, TMR1IE        ; HABILITA INTERRUPCION DEL TIMER1
Message[302]: Register in operand not in bank 0.  Ensure that bank bits are correct.
0263   170C           00575     BSF     PIE1, ADIE
Message[302]: Register in operand not in bank 0.  Ensure that bank bits are correct.
MPASM 5.77                        PRUEBA.ASM   11-25-2020  22:22:01         PAGE 14


LOC  OBJECT CODE     LINE SOURCE TEXT
  VALUE

0264   168C           00576     BSF     PIE1, RCIE          ; HABILITA INTERRUPCION DE RECEPCION SERIAL CON RX
0265   170B           00577     BSF     INTCON, PEIE        ; INTERRUPCIONES PERIFÉRICAS -RC-
0266   168B           00578     BSF     INTCON, T0IE
                      00579     
0267   30BB           00580     MOVLW   .187                ; TECHO PARA TIMER2 - PARA QUE EL PWM FUNCIONE CON 3ms
Message[302]: Register in operand not in bank 0.  Ensure that bank bits are correct.
0268   0092           00581     MOVWF   PR2                 ; PARA PULSO DE 0° --> CCPR1L = 0x20 ^ CCP1CON<5:4> = b'00
                      00582                                 ; PARA PULSO DE 180° --> CCP1L = 0x9D ^ CCP1CON<5:4> = b'00
                      00583                                 ; FUNCION PARA CONVERSION DE DATOS ADC PARA METER EN EL CCPR1L:
                      00584                                 ; CCP1RL = 32 + ADC/2
                      00585     
0269   1283 1303      00586     BANKSEL PORTA
026B   178B           00587     BSF     INTCON, GIE         ; HABILITA LAS INTERRUPCIONES
026C   110B           00588     BCF     INTCON, T0IF        ; PARA ASEGURARSE DE QUE NO TENGA OVERFLOW AL INICIO
Warning[203]: Found opcode in column 1. (RETURN)
026D   0008           00589 RETURN
                      00590 
026E                  00591 CONFIGURACION_TX_9600:
026E   1683 1303      00592     BANKSEL TRISA
Message[302]: Register in operand not in bank 0.  Ensure that bank bits are correct.
0270   1318           00593     BCF     TXSTA, TX9    
Message[302]: Register in operand not in bank 0.  Ensure that bank bits are correct.
0271   1218           00594     BCF     TXSTA, SYNC     ; PARA LOGRAR UN BAUD DE 9600 CON UN FOSC DE 4MHz
Message[302]: Register in operand not in bank 0.  Ensure that bank bits are correct.
0272   1518           00595     BSF     TXSTA, BRGH     ; PARA LOGRAR UN BAUD DE 9600 CON UN FOSC DE 4MHz
                      00596 
0273   1683 1703      00597     BANKSEL ANSEL
Message[302]: Register in operand not in bank 0.  Ensure that bank bits are correct.
0275   1187           00598     BCF     BAUDCTL, BRG16  ; PARA LOGRAR UN BAUD DE 9600 CON UN FOSC DE 4MHz
                      00599     
0276   1683 1303      00600     BANKSEL TRISA
0278   3019           00601     MOVLW   .25
Message[302]: Register in operand not in bank 0.  Ensure that bank bits are correct.
0279   0099           00602     MOVWF   SPBRG           ; PARA LOGRAR UN BAUD DE 9600 CON UN FOSC DE 4MHz
Message[302]: Register in operand not in bank 0.  Ensure that bank bits are correct.
027A   019A           00603     CLRF    SPBRGH          ; PARA LOGRAR UN BAUD DE 9600 CON UN FOSC DE 4MHz
Message[302]: Register in operand not in bank 0.  Ensure that bank bits are correct.
027B   1698           00604     BSF     TXSTA, TXEN    
027C   1283 1303      00605     BANKSEL PORTA
Warning[203]: Found opcode in column 1. (RETURN)
027E   0008           00606 RETURN
                      00607     
027F                  00608 CONFIGURACION_RX:
027F   1283 1303      00609     BANKSEL PORTA
0281   1798           00610     BSF     RCSTA, SPEN
0282   1318           00611     BCF     RCSTA, RX9
0283   1618           00612     BSF     RCSTA, CREN
Warning[203]: Found opcode in column 1. (RETURN)
0284   0008           00613 RETURN
                      00614     
0285                  00615 CONFIGURACION_ADC:    
0285   1683 1303      00616     BANKSEL ADCON1 
Message[302]: Register in operand not in bank 0.  Ensure that bank bits are correct.
MPASM 5.77                        PRUEBA.ASM   11-25-2020  22:22:01         PAGE 15


LOC  OBJECT CODE     LINE SOURCE TEXT
  VALUE

0287   019F           00617     CLRF    ADCON1              ; VDD Y VSS COMO REFERENCIA / JUSTIFICADO A LA IZQUIERDA
                      00618     
0288   1283 1303      00619     BANKSEL ADCON0 
028A   141F           00620     BSF     ADCON0, 0
028B   149F           00621     BSF     ADCON0, 1  
028C   111F           00622     BCF     ADCON0, 2
028D   119F           00623     BCF     ADCON0, 3
028E   129F           00624     BCF     ADCON0, 5
028F   131F           00625     BCF     ADCON0, 6
0290   179F           00626     BSF     ADCON0, 7   
Warning[203]: Found opcode in column 1. (RETURN)
0291   0008           00627 RETURN    
                      00628 
0292                  00629 CONFIGURACION_ADCX:
0292   1283 1303      00630     BANKSEL ADCON0 
0294   121F           00631     BCF     ADCON0, 4
Warning[203]: Found opcode in column 1. (RETURN)
0295   0008           00632 RETURN
                      00633     
0296                  00634 CONFIGURACION_ADCY:    
0296   1283 1303      00635     BANKSEL ADCON0 
0298   161F           00636     BSF     ADCON0, 4
Warning[203]: Found opcode in column 1. (RETURN)
0299   0008           00637 RETURN
                      00638 ;*******************************************************************************
                      00639     
20D4 3FFF             00640     END 
MPASM 5.77                        PRUEBA.ASM   11-25-2020  22:22:01         PAGE 16


SYMBOL TABLE
  LABEL                             VALUE 

ABDEN                             00000000
ABDOVF                            00000007
ACCION                            000001AB
ACKDT                             00000005
ACKEN                             00000004
ACKSTAT                           00000006
ADCON0                            0000001F
ADCON1                            0000009F
ADCS0                             00000006
ADCS1                             00000007
ADCX                              00000149
ADCY                              00000150
ADDEN                             00000003
ADFM                              00000007
ADIE                              00000006
ADIF                              00000006
ADON                              00000000
ADRESH                            0000001E
ADRESL                            0000009E
ALTO                              00000007
ANS0                              00000000
ANS1                              00000001
ANS10                             00000002
ANS11                             00000003
ANS12                             00000004
ANS13                             00000005
ANS2                              00000002
ANS3                              00000003
ANS4                              00000004
ANS5                              00000005
ANS6                              00000006
ANS7                              00000007
ANS8                              00000000
ANS9                              00000001
ANSEL                             00000188
ANSELH                            00000189
ANTIR                             000001EE
AUTOMATIC                         00000114
AUTOMATIC_HIGH                    0000011E
AUTOMATIC_LOW                     00000118
BAJO                              00000008
BANDERA_ADC                       00000147
BANDERA_RX                        00000165
BANDERA_TIMER0                    00000157
BANDERA_TIMER1                    00000124
BAUDCTL                           00000187
BCLIE                             00000003
BCLIF                             00000003
BF                                00000000
BRG0                              00000000
BRG1                              00000001
BRG10                             00000002
BRG11                             00000003
MPASM 5.77                        PRUEBA.ASM   11-25-2020  22:22:01         PAGE 17


SYMBOL TABLE
  LABEL                             VALUE 

BRG12                             00000004
BRG13                             00000005
BRG14                             00000006
BRG15                             00000007
BRG16                             00000003
BRG2                              00000002
BRG3                              00000003
BRG4                              00000004
BRG5                              00000005
BRG6                              00000006
BRG7                              00000007
BRG8                              00000000
BRG9                              00000001
BRGH                              00000002
C                                 00000000
C1CH0                             00000000
C1CH1                             00000001
C1IE                              00000005
C1IF                              00000005
C1OE                              00000005
C1ON                              00000007
C1OUT                             00000006
C1POL                             00000004
C1R                               00000002
C1RSEL                            00000005
C1SEN                             00000005
C2CH0                             00000000
C2CH1                             00000001
C2IE                              00000006
C2IF                              00000006
C2OE                              00000005
C2ON                              00000007
C2OUT                             00000006
C2POL                             00000004
C2R                               00000002
C2REN                             00000004
C2RSEL                            00000004
C2SYNC                            00000000
CCP1CON                           00000017
CCP1IE                            00000002
CCP1IF                            00000002
CCP1M0                            00000000
CCP1M1                            00000001
CCP1M2                            00000002
CCP1M3                            00000003
CCP1X                             00000005
CCP1Y                             00000004
CCP2CON                           0000001D
CCP2IE                            00000000
CCP2IF                            00000000
CCP2M0                            00000000
CCP2M1                            00000001
CCP2M2                            00000002
MPASM 5.77                        PRUEBA.ASM   11-25-2020  22:22:01         PAGE 18


SYMBOL TABLE
  LABEL                             VALUE 

CCP2M3                            00000003
CCP2X                             00000005
CCP2Y                             00000004
CCPR1                             00000015
CCPR1H                            00000016
CCPR1L                            00000015
CCPR2                             0000001B
CCPR2H                            0000001C
CCPR2L                            0000001B
CHS0                              00000002
CHS1                              00000003
CHS2                              00000004
CHS3                              00000005
CKE                               00000006
CKP                               00000004
CM1CON0                           00000107
CM2CON0                           00000108
CM2CON1                           00000109
COMA                              0000013B
CONFIGURACION_ADC                 00000285
CONFIGURACION_ADCX                00000292
CONFIGURACION_ADCY                00000296
CONFIGURACION_BASE                00000200
CONFIGURACION_INTERRUPCION        00000260
CONFIGURACION_PWM                 00000237
CONFIGURACION_RX                  0000027F
CONFIGURACION_TIMER0              0000024A
CONFIGURACION_TIMER1              00000252
CONFIGURACION_TIMER2              0000025B
CONFIGURACION_TX_9600             0000026E
CONT1                             0000001D
CONTEO                            000001E2
CONVERSIONES                      00000015
CONVERSION_COMPU                  000001F0
CREN                              00000004
CSRC                              00000007
CUENTARX                          0000001B
D                                 00000005
DATA_ADDRESS                      00000005
DC                                00000001
DC1B0                             00000004
DC1B1                             00000005
DC2B0                             00000004
DC2B1                             00000005
DIGITO1                           00000137
DIGITO2                           0000013F
DIVISION                          0000001C
D_A                               00000005
D_NOT_A                           00000005
ECCPAS                            0000009C
ECCPAS0                           00000004
ECCPAS1                           00000005
ECCPAS2                           00000006
MPASM 5.77                        PRUEBA.ASM   11-25-2020  22:22:01         PAGE 19


SYMBOL TABLE
  LABEL                             VALUE 

ECCPASE                           00000007
EEADR                             0000010D
EEADRH                            0000010F
EECON1                            0000018C
EECON2                            0000018D
EEDAT                             0000010C
EEDATA                            0000010C
EEDATH                            0000010E
EEIE                              00000004
EEIF                              00000004
EEPGD                             00000007
EEPROM_ESCRITURA                  000001A5
EEPROM_LECTURA                    000001C8
ENTER                             00000143
ERRONEO                           000001A3
F                                 00000001
FERR                              00000002
FLAG_ADC                          00000005
FLAG_ANTIREBOTE                   00000004
FSR                               00000004
FVREN                             00000000
GCEN                              00000007
GIE                               00000007
GO                                00000001
GO_DONE                           00000001
GO_NOT_DONE                       00000001
HIGH_OPEN                         00000159
HTS                               00000002
I2C_DATA                          00000005
I2C_READ                          00000002
I2C_START                         00000003
I2C_STOP                          00000004
INDF                              00000000
INTCON                            0000000B
INTE                              00000004
INTEDG                            00000006
INTF                              00000001
IOCB                              00000096
IOCB0                             00000000
IOCB1                             00000001
IOCB2                             00000002
IOCB3                             00000003
IOCB4                             00000004
IOCB5                             00000005
IOCB6                             00000006
IOCB7                             00000007
IRCF0                             00000004
IRCF1                             00000005
IRCF2                             00000006
IRP                               00000007
ISR                               00000008
LAST_USER                         00000019
LOOP                              00000109
MPASM 5.77                        PRUEBA.ASM   11-25-2020  22:22:01         PAGE 20


SYMBOL TABLE
  LABEL                             VALUE 

LOW_OPEN                          0000015F
LTS                               00000001
MANUAL                            0000010E
MAPPEO                            000001F7
MC1OUT                            00000007
MC2OUT                            00000006
MODO                              0000001E
MODO_FUNCIONAMIENTO               000001D9
MSK                               00000093
MSK0                              00000000
MSK1                              00000001
MSK2                              00000002
MSK3                              00000003
MSK4                              00000004
MSK5                              00000005
MSK6                              00000006
MSK7                              00000007
NOT_A                             00000005
NOT_ADDRESS                       00000005
NOT_BO                            00000000
NOT_BOR                           00000000
NOT_DONE                          00000001
NOT_PD                            00000003
NOT_POR                           00000001
NOT_RBPU                          00000007
NOT_RC8                           00000006
NOT_T1SYNC                        00000002
NOT_TO                            00000004
NOT_TX8                           00000006
NOT_W                             00000002
NOT_WRITE                         00000002
OERR                              00000001
OPTION_REG                        00000081
OSCCON                            0000008F
OSCTUNE                           00000090
OSFIE                             00000007
OSFIF                             00000007
OSTS                              00000003
P                                 00000004
P1M0                              00000006
P1M1                              00000007
PCL                               00000002
PCLATH                            0000000A
PCON                              0000008E
PDC0                              00000000
PDC1                              00000001
PDC2                              00000002
PDC3                              00000003
PDC4                              00000004
PDC5                              00000005
PDC6                              00000006
PEIE                              00000006
PEN                               00000002
MPASM 5.77                        PRUEBA.ASM   11-25-2020  22:22:01         PAGE 21


SYMBOL TABLE
  LABEL                             VALUE 

PIE1                              0000008C
PIE2                              0000008D
PIR1                              0000000C
PIR2                              0000000D
POP                               00000010
PORTA                             00000005
PORTB                             00000006
PORTC                             00000007
PORTD                             00000008
PORTE                             00000009
PR2                               00000092
PRSEN                             00000007
PS0                               00000000
PS1                               00000001
PS2                               00000002
PSA                               00000003
PSSAC0                            00000002
PSSAC1                            00000003
PSSBD0                            00000000
PSSBD1                            00000001
PSTRCON                           0000009D
PULSR                             00000002
PULSS                             00000003
PUSH                              00000004
PWM1CON                           0000009B
R                                 00000002
RA0                               00000000
RA1                               00000001
RA2                               00000002
RA3                               00000003
RA4                               00000004
RA5                               00000005
RA6                               00000006
RA7                               00000007
RB0                               00000000
RB1                               00000001
RB2                               00000002
RB3                               00000003
RB4                               00000004
RB5                               00000005
RB6                               00000006
RB7                               00000007
RBIE                              00000003
RBIF                              00000000
RC0                               00000000
RC1                               00000001
RC2                               00000002
RC3                               00000003
RC4                               00000004
RC5                               00000005
RC6                               00000006
RC7                               00000007
RC8_9                             00000006
MPASM 5.77                        PRUEBA.ASM   11-25-2020  22:22:01         PAGE 22


SYMBOL TABLE
  LABEL                             VALUE 

RC9                               00000006
RCD8                              00000000
RCEN                              00000003
RCIDL                             00000006
RCIE                              00000005
RCIF                              00000005
RCREG                             0000001A
RCSTA                             00000018
RD                                00000000
RD0                               00000000
RD1                               00000001
RD2                               00000002
RD3                               00000003
RD4                               00000004
RD5                               00000005
RD6                               00000006
RD7                               00000007
RE0                               00000000
RE1                               00000001
RE2                               00000002
RE3                               00000003
READ_WRITE                        00000002
REINICIOA                         000001E8
RP0                               00000005
RP1                               00000006
RSEN                              00000001
RUTINA_TX                         0000012B
RX9                               00000006
RX9D                              00000000
RXB0                              0000000A
RXB1                              0000000B
RXB2                              0000000C
RXB3                              0000000D
RXB4                              0000000E
RXB5                              0000000F
RXB6                              00000010
RXB7                              00000011
RXB8                              00000012
RXB9                              00000013
R_NOT_W                           00000002
R_W                               00000002
S                                 00000003
SBOREN                            00000004
SCKP                              00000004
SCS                               00000000
SEN                               00000000
SENDB                             00000003
SERVO1                            00000237
SERVO2                            00000241
SERVO_EJE1                        00000015
SERVO_EJE2                        00000016
SERVO_FUN                         00000017
SERVO_GARRA                       00000014
MPASM 5.77                        PRUEBA.ASM   11-25-2020  22:22:01         PAGE 23


SYMBOL TABLE
  LABEL                             VALUE 

SETUP                             00000100
SMP                               00000007
SPBRG                             00000099
SPBRGH                            0000009A
SPEN                              00000007
SR0                               00000006
SR1                               00000007
SRCON                             00000185
SREN                              00000005
SSPADD                            00000093
SSPBUF                            00000013
SSPCON                            00000014
SSPCON2                           00000091
SSPEN                             00000005
SSPIE                             00000003
SSPIF                             00000003
SSPM0                             00000000
SSPM1                             00000001
SSPM2                             00000002
SSPM3                             00000003
SSPMSK                            00000093
SSPOV                             00000006
SSPSTAT                           00000094
START                             00000100
STATUS                            00000003
STATUS_TEMP                       00000001
STRA                              00000000
STRB                              00000001
STRC                              00000002
STRD                              00000003
STRSYNC                           00000004
SWDTEN                            00000000
SYNC                              00000004
T0CS                              00000005
T0IE                              00000005
T0IF                              00000002
T0SE                              00000004
T1CKPS0                           00000004
T1CKPS1                           00000005
T1CON                             00000010
T1GINV                            00000007
T1GIV                             00000007
T1GSS                             00000001
T1INSYNC                          00000002
T1OSCEN                           00000003
T1SYNC                            00000002
T2CKPS0                           00000000
T2CKPS1                           00000001
T2CON                             00000012
TMR0                              00000001
TMR0IE                            00000005
TMR0IF                            00000002
TMR1                              0000000E
MPASM 5.77                        PRUEBA.ASM   11-25-2020  22:22:01         PAGE 24


SYMBOL TABLE
  LABEL                             VALUE 

TMR1CS                            00000001
TMR1GE                            00000006
TMR1H                             0000000F
TMR1IE                            00000000
TMR1IF                            00000000
TMR1L                             0000000E
TMR1ON                            00000000
TMR2                              00000011
TMR2IE                            00000001
TMR2IF                            00000001
TMR2ON                            00000002
TOGGLE                            00000009
TOUTPS0                           00000003
TOUTPS1                           00000004
TOUTPS2                           00000005
TOUTPS3                           00000006
TRISA                             00000085
TRISA0                            00000000
TRISA1                            00000001
TRISA2                            00000002
TRISA3                            00000003
TRISA4                            00000004
TRISA5                            00000005
TRISA6                            00000006
TRISA7                            00000007
TRISB                             00000086
TRISB0                            00000000
TRISB1                            00000001
TRISB2                            00000002
TRISB3                            00000003
TRISB4                            00000004
TRISB5                            00000005
TRISB6                            00000006
TRISB7                            00000007
TRISC                             00000087
TRISC0                            00000000
TRISC1                            00000001
TRISC2                            00000002
TRISC3                            00000003
TRISC4                            00000004
TRISC5                            00000005
TRISC6                            00000006
TRISC7                            00000007
TRISD                             00000088
TRISD0                            00000000
TRISD1                            00000001
TRISD2                            00000002
TRISD3                            00000003
TRISD4                            00000004
TRISD5                            00000005
TRISD6                            00000006
TRISD7                            00000007
TRISE                             00000089
MPASM 5.77                        PRUEBA.ASM   11-25-2020  22:22:01         PAGE 25


SYMBOL TABLE
  LABEL                             VALUE 

TRISE0                            00000000
TRISE1                            00000001
TRISE2                            00000002
TRISE3                            00000003
TRMT                              00000001
TUN0                              00000000
TUN1                              00000001
TUN2                              00000002
TUN3                              00000003
TUN4                              00000004
TX8_9                             00000006
TX9                               00000006
TX9D                              00000000
TXD8                              00000000
TXEN                              00000005
TXIE                              00000004
TXIF                              00000004
TXREG                             00000019
TXSTA                             00000098
TX_FLAG                           00000006
UA                                00000001
ULPWUE                            00000005
ULPWUIE                           00000002
ULPWUIF                           00000002
USER_FLAG                         0000001A
USUARIO                           00000018
VAR_ADCX                          00000002
VAR_ADCY                          00000003
VCFG0                             00000004
VCFG1                             00000005
VERIFICACION                      0000017E
VR0                               00000000
VR1                               00000001
VR2                               00000002
VR3                               00000003
VRCON                             00000097
VREN                              00000007
VROE                              00000006
VRR                               00000005
VRSS                              00000004
W                                 00000000
WCOL                              00000007
WDTCON                            00000105
WDTPS0                            00000001
WDTPS1                            00000002
WDTPS2                            00000003
WDTPS3                            00000004
WPUB                              00000095
WPUB0                             00000000
WPUB1                             00000001
WPUB2                             00000002
WPUB3                             00000003
WPUB4                             00000004
MPASM 5.77                        PRUEBA.ASM   11-25-2020  22:22:01         PAGE 26


SYMBOL TABLE
  LABEL                             VALUE 

WPUB5                             00000005
WPUB6                             00000006
WPUB7                             00000007
WR                                00000001
WREN                              00000002
WRERR                             00000003
WUE                               00000001
W_TEMP                            00000000
Z                                 00000002
_BOR21V                           00003EFF
_BOR40V                           00003FFF
_BOR4V_BOR21V                     00003EFF
_BOR4V_BOR40V                     00003FFF
_BOREN_NSLEEP                     00003EFF
_BOREN_OFF                        00003CFF
_BOREN_ON                         00003FFF
_BOREN_SBODEN                     00003DFF
_BOR_NSLEEP                       00003EFF
_BOR_OFF                          00003CFF
_BOR_ON                           00003FFF
_BOR_SBODEN                       00003DFF
_CONFIG1                          00002007
_CONFIG2                          00002008
_CPD_OFF                          00003FFF
_CPD_ON                           00003F7F
_CP_OFF                           00003FFF
_CP_ON                            00003FBF
_DEBUG_OFF                        00003FFF
_DEBUG_ON                         00001FFF
_DEVID1                           00002006
_EC_OSC                           00003FFB
_EXTRC                            00003FFF
_EXTRCIO                          00003FFE
_EXTRC_OSC_CLKOUT                 00003FFF
_EXTRC_OSC_NOCLKOUT               00003FFE
_FCMEN_OFF                        000037FF
_FCMEN_ON                         00003FFF
_FOSC_EC                          00003FFB
_FOSC_EXTRC_CLKOUT                00003FFF
_FOSC_EXTRC_NOCLKOUT              00003FFE
_FOSC_HS                          00003FFA
_FOSC_INTRC_CLKOUT                00003FFD
_FOSC_INTRC_NOCLKOUT              00003FFC
_FOSC_LP                          00003FF8
_FOSC_XT                          00003FF9
_HS_OSC                           00003FFA
_IDLOC0                           00002000
_IDLOC1                           00002001
_IDLOC2                           00002002
_IDLOC3                           00002003
_IESO_OFF                         00003BFF
_IESO_ON                          00003FFF
_INTOSC                           00003FFD
MPASM 5.77                        PRUEBA.ASM   11-25-2020  22:22:01         PAGE 27


SYMBOL TABLE
  LABEL                             VALUE 

_INTOSCIO                         00003FFC
_INTRC_OSC_CLKOUT                 00003FFD
_INTRC_OSC_NOCLKOUT               00003FFC
_LP_OSC                           00003FF8
_LVP_OFF                          00002FFF
_LVP_ON                           00003FFF
_MCLRE_OFF                        00003FDF
_MCLRE_ON                         00003FFF
_PWRTE_OFF                        00003FFF
_PWRTE_ON                         00003FEF
_WDTE_OFF                         00003FF7
_WDTE_ON                          00003FFF
_WDT_OFF                          00003FF7
_WDT_ON                           00003FFF
_WRT_1FOURTH                      00003BFF
_WRT_256                          00003DFF
_WRT_HALF                         000039FF
_WRT_OFF                          00003FFF
_XT_OSC                           00003FF9
__16F887                          00000001

Errors   :     0
Warnings :    70 reported,     0 suppressed
Messages :    40 reported,     0 suppressed

