Warning[207] E:\UVG\SEMESTRE 4\MICROS\PROYECTO_GARRA\PRUEBA_SERIAL.X\PRUEBA.ASM 25 : Found label after column 1. (W_TEMP)
Warning[207] E:\UVG\SEMESTRE 4\MICROS\PROYECTO_GARRA\PRUEBA_SERIAL.X\PRUEBA.ASM 26 : Found label after column 1. (STATUS_TEMP)
Warning[207] E:\UVG\SEMESTRE 4\MICROS\PROYECTO_GARRA\PRUEBA_SERIAL.X\PRUEBA.ASM 27 : Found label after column 1. (VAR_ADCX)
Warning[207] E:\UVG\SEMESTRE 4\MICROS\PROYECTO_GARRA\PRUEBA_SERIAL.X\PRUEBA.ASM 28 : Found label after column 1. (VAR_ADCY)
Warning[207] E:\UVG\SEMESTRE 4\MICROS\PROYECTO_GARRA\PRUEBA_SERIAL.X\PRUEBA.ASM 29 : Found label after column 1. (FLAG_ANTIREBOTE)
Warning[207] E:\UVG\SEMESTRE 4\MICROS\PROYECTO_GARRA\PRUEBA_SERIAL.X\PRUEBA.ASM 30 : Found label after column 1. (FLAG_ADC)
Warning[207] E:\UVG\SEMESTRE 4\MICROS\PROYECTO_GARRA\PRUEBA_SERIAL.X\PRUEBA.ASM 31 : Found label after column 1. (TX_FLAG)
Warning[207] E:\UVG\SEMESTRE 4\MICROS\PROYECTO_GARRA\PRUEBA_SERIAL.X\PRUEBA.ASM 32 : Found label after column 1. (ALTO)
Warning[207] E:\UVG\SEMESTRE 4\MICROS\PROYECTO_GARRA\PRUEBA_SERIAL.X\PRUEBA.ASM 33 : Found label after column 1. (BAJO)
Warning[207] E:\UVG\SEMESTRE 4\MICROS\PROYECTO_GARRA\PRUEBA_SERIAL.X\PRUEBA.ASM 34 : Found label after column 1. (TOGGLE)
Warning[207] E:\UVG\SEMESTRE 4\MICROS\PROYECTO_GARRA\PRUEBA_SERIAL.X\PRUEBA.ASM 35 : Found label after column 1. (RXB0)
Warning[207] E:\UVG\SEMESTRE 4\MICROS\PROYECTO_GARRA\PRUEBA_SERIAL.X\PRUEBA.ASM 36 : Found label after column 1. (RXB1)
Warning[207] E:\UVG\SEMESTRE 4\MICROS\PROYECTO_GARRA\PRUEBA_SERIAL.X\PRUEBA.ASM 37 : Found label after column 1. (RXB2)
Warning[207] E:\UVG\SEMESTRE 4\MICROS\PROYECTO_GARRA\PRUEBA_SERIAL.X\PRUEBA.ASM 38 : Found label after column 1. (RXB3)
Warning[207] E:\UVG\SEMESTRE 4\MICROS\PROYECTO_GARRA\PRUEBA_SERIAL.X\PRUEBA.ASM 39 : Found label after column 1. (RXB4)
Warning[207] E:\UVG\SEMESTRE 4\MICROS\PROYECTO_GARRA\PRUEBA_SERIAL.X\PRUEBA.ASM 40 : Found label after column 1. (RXB5)
Warning[207] E:\UVG\SEMESTRE 4\MICROS\PROYECTO_GARRA\PRUEBA_SERIAL.X\PRUEBA.ASM 41 : Found label after column 1. (RXB6)
Warning[207] E:\UVG\SEMESTRE 4\MICROS\PROYECTO_GARRA\PRUEBA_SERIAL.X\PRUEBA.ASM 42 : Found label after column 1. (RXB7)
Warning[207] E:\UVG\SEMESTRE 4\MICROS\PROYECTO_GARRA\PRUEBA_SERIAL.X\PRUEBA.ASM 43 : Found label after column 1. (RXB8)
Warning[207] E:\UVG\SEMESTRE 4\MICROS\PROYECTO_GARRA\PRUEBA_SERIAL.X\PRUEBA.ASM 44 : Found label after column 1. (RXB9)
Warning[207] E:\UVG\SEMESTRE 4\MICROS\PROYECTO_GARRA\PRUEBA_SERIAL.X\PRUEBA.ASM 45 : Found label after column 1. (SERVO_GARRA)
Warning[207] E:\UVG\SEMESTRE 4\MICROS\PROYECTO_GARRA\PRUEBA_SERIAL.X\PRUEBA.ASM 46 : Found label after column 1. (SERVO_EJE1)
Warning[207] E:\UVG\SEMESTRE 4\MICROS\PROYECTO_GARRA\PRUEBA_SERIAL.X\PRUEBA.ASM 47 : Found label after column 1. (SERVO_EJE2)
Warning[207] E:\UVG\SEMESTRE 4\MICROS\PROYECTO_GARRA\PRUEBA_SERIAL.X\PRUEBA.ASM 48 : Found label after column 1. (SERVO_FUN)
Warning[207] E:\UVG\SEMESTRE 4\MICROS\PROYECTO_GARRA\PRUEBA_SERIAL.X\PRUEBA.ASM 49 : Found label after column 1. (USUARIO)
Warning[207] E:\UVG\SEMESTRE 4\MICROS\PROYECTO_GARRA\PRUEBA_SERIAL.X\PRUEBA.ASM 50 : Found label after column 1. (LAST_USER)
Warning[207] E:\UVG\SEMESTRE 4\MICROS\PROYECTO_GARRA\PRUEBA_SERIAL.X\PRUEBA.ASM 51 : Found label after column 1. (USER_FLAG)
Warning[207] E:\UVG\SEMESTRE 4\MICROS\PROYECTO_GARRA\PRUEBA_SERIAL.X\PRUEBA.ASM 52 : Found label after column 1. (CUENTARX)
Warning[207] E:\UVG\SEMESTRE 4\MICROS\PROYECTO_GARRA\PRUEBA_SERIAL.X\PRUEBA.ASM 53 : Found label after column 1. (DIVISION)
Warning[207] E:\UVG\SEMESTRE 4\MICROS\PROYECTO_GARRA\PRUEBA_SERIAL.X\PRUEBA.ASM 54 : Found label after column 1. (CONT1)
Warning[207] E:\UVG\SEMESTRE 4\MICROS\PROYECTO_GARRA\PRUEBA_SERIAL.X\PRUEBA.ASM 55 : Found label after column 1. (MODO)
Warning[203] E:\UVG\SEMESTRE 4\MICROS\PROYECTO_GARRA\PRUEBA_SERIAL.X\PRUEBA.ASM 92 : Found opcode in column 1. (RETFIE)
Message[302] E:\UVG\SEMESTRE 4\MICROS\PROYECTO_GARRA\PRUEBA_SERIAL.X\PRUEBA.ASM 140 : Register in operand not in bank 0.  Ensure that bank bits are correct.
Warning[207] E:\UVG\SEMESTRE 4\MICROS\PROYECTO_GARRA\PRUEBA_SERIAL.X\PRUEBA.ASM 147 : Found label after column 1. (MANUAL)
Warning[207] E:\UVG\SEMESTRE 4\MICROS\PROYECTO_GARRA\PRUEBA_SERIAL.X\PRUEBA.ASM 154 : Found label after column 1. (AUTOMATIC)
Warning[207] E:\UVG\SEMESTRE 4\MICROS\PROYECTO_GARRA\PRUEBA_SERIAL.X\PRUEBA.ASM 159 : Found label after column 1. (AUTOMATIC_LOW)
Warning[207] E:\UVG\SEMESTRE 4\MICROS\PROYECTO_GARRA\PRUEBA_SERIAL.X\PRUEBA.ASM 166 : Found label after column 1. (AUTOMATIC_HIGH)
Warning[207] E:\UVG\SEMESTRE 4\MICROS\PROYECTO_GARRA\PRUEBA_SERIAL.X\PRUEBA.ASM 182 : Found label after column 1. (DIGITO1)
Message[305] E:\UVG\SEMESTRE 4\MICROS\PROYECTO_GARRA\PRUEBA_SERIAL.X\PRUEBA.ASM 186 : Using default destination of 1 (file).
Warning[207] E:\UVG\SEMESTRE 4\MICROS\PROYECTO_GARRA\PRUEBA_SERIAL.X\PRUEBA.ASM 188 : Found label after column 1. (ENTER)
Warning[207] E:\UVG\SEMESTRE 4\MICROS\PROYECTO_GARRA\PRUEBA_SERIAL.X\PRUEBA.ASM 192 : Found label after column 1. (LIMPIEZA)
Message[302] E:\UVG\SEMESTRE 4\MICROS\PROYECTO_GARRA\PRUEBA_SERIAL.X\PRUEBA.ASM 194 : Register in operand not in bank 0.  Ensure that bank bits are correct.
Warning[207] E:\UVG\SEMESTRE 4\MICROS\PROYECTO_GARRA\PRUEBA_SERIAL.X\PRUEBA.ASM 201 : Found label after column 1. (ADCX)
Warning[207] E:\UVG\SEMESTRE 4\MICROS\PROYECTO_GARRA\PRUEBA_SERIAL.X\PRUEBA.ASM 209 : Found label after column 1. (ADCY)
Warning[207] E:\UVG\SEMESTRE 4\MICROS\PROYECTO_GARRA\PRUEBA_SERIAL.X\PRUEBA.ASM 221 : Found label after column 1. (HIGH_OPEN)
Warning[207] E:\UVG\SEMESTRE 4\MICROS\PROYECTO_GARRA\PRUEBA_SERIAL.X\PRUEBA.ASM 228 : Found label after column 1. (LOW_OPEN)
Warning[207] E:\UVG\SEMESTRE 4\MICROS\PROYECTO_GARRA\PRUEBA_SERIAL.X\PRUEBA.ASM 273 : Found label after column 1. (VERIFICACION)
Warning[207] E:\UVG\SEMESTRE 4\MICROS\PROYECTO_GARRA\PRUEBA_SERIAL.X\PRUEBA.ASM 321 : Found label after column 1. (ERRONEO)
Warning[203] E:\UVG\SEMESTRE 4\MICROS\PROYECTO_GARRA\PRUEBA_SERIAL.X\PRUEBA.ASM 333 : Found opcode in column 1. (RETURN)
Warning[207] E:\UVG\SEMESTRE 4\MICROS\PROYECTO_GARRA\PRUEBA_SERIAL.X\PRUEBA.ASM 334 : Found label after column 1. (ACCION)
Message[302] E:\UVG\SEMESTRE 4\MICROS\PROYECTO_GARRA\PRUEBA_SERIAL.X\PRUEBA.ASM 339 : Register in operand not in bank 0.  Ensure that bank bits are correct.
Message[302] E:\UVG\SEMESTRE 4\MICROS\PROYECTO_GARRA\PRUEBA_SERIAL.X\PRUEBA.ASM 343 : Register in operand not in bank 0.  Ensure that bank bits are correct.
Message[302] E:\UVG\SEMESTRE 4\MICROS\PROYECTO_GARRA\PRUEBA_SERIAL.X\PRUEBA.ASM 345 : Register in operand not in bank 0.  Ensure that bank bits are correct.
Message[302] E:\UVG\SEMESTRE 4\MICROS\PROYECTO_GARRA\PRUEBA_SERIAL.X\PRUEBA.ASM 346 : Register in operand not in bank 0.  Ensure that bank bits are correct.
Message[302] E:\UVG\SEMESTRE 4\MICROS\PROYECTO_GARRA\PRUEBA_SERIAL.X\PRUEBA.ASM 350 : Register in operand not in bank 0.  Ensure that bank bits are correct.
Message[302] E:\UVG\SEMESTRE 4\MICROS\PROYECTO_GARRA\PRUEBA_SERIAL.X\PRUEBA.ASM 352 : Register in operand not in bank 0.  Ensure that bank bits are correct.
Message[302] E:\UVG\SEMESTRE 4\MICROS\PROYECTO_GARRA\PRUEBA_SERIAL.X\PRUEBA.ASM 353 : Register in operand not in bank 0.  Ensure that bank bits are correct.
Message[302] E:\UVG\SEMESTRE 4\MICROS\PROYECTO_GARRA\PRUEBA_SERIAL.X\PRUEBA.ASM 356 : Register in operand not in bank 0.  Ensure that bank bits are correct.
Warning[203] E:\UVG\SEMESTRE 4\MICROS\PROYECTO_GARRA\PRUEBA_SERIAL.X\PRUEBA.ASM 359 : Found opcode in column 1. (RETURN)
Message[302] E:\UVG\SEMESTRE 4\MICROS\PROYECTO_GARRA\PRUEBA_SERIAL.X\PRUEBA.ASM 368 : Register in operand not in bank 0.  Ensure that bank bits are correct.
Message[302] E:\UVG\SEMESTRE 4\MICROS\PROYECTO_GARRA\PRUEBA_SERIAL.X\PRUEBA.ASM 370 : Register in operand not in bank 0.  Ensure that bank bits are correct.
Message[302] E:\UVG\SEMESTRE 4\MICROS\PROYECTO_GARRA\PRUEBA_SERIAL.X\PRUEBA.ASM 371 : Register in operand not in bank 0.  Ensure that bank bits are correct.
Message[302] E:\UVG\SEMESTRE 4\MICROS\PROYECTO_GARRA\PRUEBA_SERIAL.X\PRUEBA.ASM 373 : Register in operand not in bank 0.  Ensure that bank bits are correct.
Warning[203] E:\UVG\SEMESTRE 4\MICROS\PROYECTO_GARRA\PRUEBA_SERIAL.X\PRUEBA.ASM 378 : Found opcode in column 1. (RETURN)
Warning[203] E:\UVG\SEMESTRE 4\MICROS\PROYECTO_GARRA\PRUEBA_SERIAL.X\PRUEBA.ASM 387 : Found opcode in column 1. (RETURN)
Warning[207] E:\UVG\SEMESTRE 4\MICROS\PROYECTO_GARRA\PRUEBA_SERIAL.X\PRUEBA.ASM 393 : Found label after column 1. (CONTEO)
Message[305] E:\UVG\SEMESTRE 4\MICROS\PROYECTO_GARRA\PRUEBA_SERIAL.X\PRUEBA.ASM 398 : Using default destination of 1 (file).
Warning[207] E:\UVG\SEMESTRE 4\MICROS\PROYECTO_GARRA\PRUEBA_SERIAL.X\PRUEBA.ASM 400 : Found label after column 1. (REINICIOA)
Warning[203] E:\UVG\SEMESTRE 4\MICROS\PROYECTO_GARRA\PRUEBA_SERIAL.X\PRUEBA.ASM 413 : Found opcode in column 1. (RETURN)
Warning[203] E:\UVG\SEMESTRE 4\MICROS\PROYECTO_GARRA\PRUEBA_SERIAL.X\PRUEBA.ASM 425 : Found opcode in column 1. (RETURN)
Warning[203] E:\UVG\SEMESTRE 4\MICROS\PROYECTO_GARRA\PRUEBA_SERIAL.X\PRUEBA.ASM 439 : Found opcode in column 1. (RETURN)
Message[302] E:\UVG\SEMESTRE 4\MICROS\PROYECTO_GARRA\PRUEBA_SERIAL.X\PRUEBA.ASM 453 : Register in operand not in bank 0.  Ensure that bank bits are correct.
Message[302] E:\UVG\SEMESTRE 4\MICROS\PROYECTO_GARRA\PRUEBA_SERIAL.X\PRUEBA.ASM 454 : Register in operand not in bank 0.  Ensure that bank bits are correct.
Message[302] E:\UVG\SEMESTRE 4\MICROS\PROYECTO_GARRA\PRUEBA_SERIAL.X\PRUEBA.ASM 455 : Register in operand not in bank 0.  Ensure that bank bits are correct.
Message[302] E:\UVG\SEMESTRE 4\MICROS\PROYECTO_GARRA\PRUEBA_SERIAL.X\PRUEBA.ASM 456 : Register in operand not in bank 0.  Ensure that bank bits are correct.
Message[302] E:\UVG\SEMESTRE 4\MICROS\PROYECTO_GARRA\PRUEBA_SERIAL.X\PRUEBA.ASM 460 : Register in operand not in bank 0.  Ensure that bank bits are correct.
Message[302] E:\UVG\SEMESTRE 4\MICROS\PROYECTO_GARRA\PRUEBA_SERIAL.X\PRUEBA.ASM 463 : Register in operand not in bank 0.  Ensure that bank bits are correct.
Message[302] E:\UVG\SEMESTRE 4\MICROS\PROYECTO_GARRA\PRUEBA_SERIAL.X\PRUEBA.ASM 464 : Register in operand not in bank 0.  Ensure that bank bits are correct.
Message[302] E:\UVG\SEMESTRE 4\MICROS\PROYECTO_GARRA\PRUEBA_SERIAL.X\PRUEBA.ASM 465 : Register in operand not in bank 0.  Ensure that bank bits are correct.
Message[302] E:\UVG\SEMESTRE 4\MICROS\PROYECTO_GARRA\PRUEBA_SERIAL.X\PRUEBA.ASM 467 : Register in operand not in bank 0.  Ensure that bank bits are correct.
Message[302] E:\UVG\SEMESTRE 4\MICROS\PROYECTO_GARRA\PRUEBA_SERIAL.X\PRUEBA.ASM 468 : Register in operand not in bank 0.  Ensure that bank bits are correct.
Message[302] E:\UVG\SEMESTRE 4\MICROS\PROYECTO_GARRA\PRUEBA_SERIAL.X\PRUEBA.ASM 469 : Register in operand not in bank 0.  Ensure that bank bits are correct.
Warning[203] E:\UVG\SEMESTRE 4\MICROS\PROYECTO_GARRA\PRUEBA_SERIAL.X\PRUEBA.ASM 500 : Found opcode in column 1. (RETURN)
Warning[207] E:\UVG\SEMESTRE 4\MICROS\PROYECTO_GARRA\PRUEBA_SERIAL.X\PRUEBA.ASM 503 : Found label after column 1. (SERVO1)
Warning[207] E:\UVG\SEMESTRE 4\MICROS\PROYECTO_GARRA\PRUEBA_SERIAL.X\PRUEBA.ASM 513 : Found label after column 1. (SERVO2)
Warning[203] E:\UVG\SEMESTRE 4\MICROS\PROYECTO_GARRA\PRUEBA_SERIAL.X\PRUEBA.ASM 521 : Found opcode in column 1. (RETURN)
Message[302] E:\UVG\SEMESTRE 4\MICROS\PROYECTO_GARRA\PRUEBA_SERIAL.X\PRUEBA.ASM 527 : Register in operand not in bank 0.  Ensure that bank bits are correct.
Warning[203] E:\UVG\SEMESTRE 4\MICROS\PROYECTO_GARRA\PRUEBA_SERIAL.X\PRUEBA.ASM 529 : Found opcode in column 1. (RETURN)
Warning[203] E:\UVG\SEMESTRE 4\MICROS\PROYECTO_GARRA\PRUEBA_SERIAL.X\PRUEBA.ASM 535 : Found opcode in column 1. (RETURN)
Message[302] E:\UVG\SEMESTRE 4\MICROS\PROYECTO_GARRA\PRUEBA_SERIAL.X\PRUEBA.ASM 539 : Register in operand not in bank 0.  Ensure that bank bits are correct.
Message[302] E:\UVG\SEMESTRE 4\MICROS\PROYECTO_GARRA\PRUEBA_SERIAL.X\PRUEBA.ASM 540 : Register in operand not in bank 0.  Ensure that bank bits are correct.
Message[302] E:\UVG\SEMESTRE 4\MICROS\PROYECTO_GARRA\PRUEBA_SERIAL.X\PRUEBA.ASM 541 : Register in operand not in bank 0.  Ensure that bank bits are correct.
Message[302] E:\UVG\SEMESTRE 4\MICROS\PROYECTO_GARRA\PRUEBA_SERIAL.X\PRUEBA.ASM 546 : Register in operand not in bank 0.  Ensure that bank bits are correct.
Warning[203] E:\UVG\SEMESTRE 4\MICROS\PROYECTO_GARRA\PRUEBA_SERIAL.X\PRUEBA.ASM 554 : Found opcode in column 1. (RETURN)
Message[302] E:\UVG\SEMESTRE 4\MICROS\PROYECTO_GARRA\PRUEBA_SERIAL.X\PRUEBA.ASM 558 : Register in operand not in bank 0.  Ensure that bank bits are correct.
Message[302] E:\UVG\SEMESTRE 4\MICROS\PROYECTO_GARRA\PRUEBA_SERIAL.X\PRUEBA.ASM 559 : Register in operand not in bank 0.  Ensure that bank bits are correct.
Message[302] E:\UVG\SEMESTRE 4\MICROS\PROYECTO_GARRA\PRUEBA_SERIAL.X\PRUEBA.ASM 560 : Register in operand not in bank 0.  Ensure that bank bits are correct.
Message[302] E:\UVG\SEMESTRE 4\MICROS\PROYECTO_GARRA\PRUEBA_SERIAL.X\PRUEBA.ASM 563 : Register in operand not in bank 0.  Ensure that bank bits are correct.
Message[302] E:\UVG\SEMESTRE 4\MICROS\PROYECTO_GARRA\PRUEBA_SERIAL.X\PRUEBA.ASM 567 : Register in operand not in bank 0.  Ensure that bank bits are correct.
Message[302] E:\UVG\SEMESTRE 4\MICROS\PROYECTO_GARRA\PRUEBA_SERIAL.X\PRUEBA.ASM 568 : Register in operand not in bank 0.  Ensure that bank bits are correct.
Message[302] E:\UVG\SEMESTRE 4\MICROS\PROYECTO_GARRA\PRUEBA_SERIAL.X\PRUEBA.ASM 569 : Register in operand not in bank 0.  Ensure that bank bits are correct.
Warning[203] E:\UVG\SEMESTRE 4\MICROS\PROYECTO_GARRA\PRUEBA_SERIAL.X\PRUEBA.ASM 571 : Found opcode in column 1. (RETURN)
Warning[203] E:\UVG\SEMESTRE 4\MICROS\PROYECTO_GARRA\PRUEBA_SERIAL.X\PRUEBA.ASM 578 : Found opcode in column 1. (RETURN)
Message[302] E:\UVG\SEMESTRE 4\MICROS\PROYECTO_GARRA\PRUEBA_SERIAL.X\PRUEBA.ASM 582 : Register in operand not in bank 0.  Ensure that bank bits are correct.
Warning[203] E:\UVG\SEMESTRE 4\MICROS\PROYECTO_GARRA\PRUEBA_SERIAL.X\PRUEBA.ASM 592 : Found opcode in column 1. (RETURN)
Warning[203] E:\UVG\SEMESTRE 4\MICROS\PROYECTO_GARRA\PRUEBA_SERIAL.X\PRUEBA.ASM 597 : Found opcode in column 1. (RETURN)
Warning[203] E:\UVG\SEMESTRE 4\MICROS\PROYECTO_GARRA\PRUEBA_SERIAL.X\PRUEBA.ASM 602 : Found opcode in column 1. (RETURN)
